<?xml version="1.0" encoding="UTF-8"?>
<!-- Generated by org.testng.reporters.JUnitXMLReporter -->
<testsuite hostname="ADMIN-PC" ignored="0" name="Test1" tests="4" failures="1" timestamp="10 Jun 2018 13:35:32 GMT" time="44.879" errors="0">
  <testcase name="browserSettings" time="3.439" classname="selenium.com.day8.Ebay_TestNG_Parameter_XMLlevel"/>
  <testcase name="navigateURL" time="27.585" classname="selenium.com.day8.Ebay_TestNG_Parameter_XMLlevel"/>
  <testcase name="getPageInfo" time="0.213" classname="selenium.com.day8.Ebay_TestNG_Parameter_XMLlevel">
    <failure type="java.lang.AssertionError" message="expected [eBay] but found [Electronics, Cars, Fashion, Collectibles, Coupons and More | eBay]">
      <![CDATA[java.lang.AssertionError: expected [eBay] but found [Electronics, Cars, Fashion, Collectibles, Coupons and More | eBay]
at selenium.com.day8.Ebay_TestNG_Parameter_XMLlevel.getPageInfo(Ebay_TestNG_Parameter_XMLlevel.java:92)
at java.util.concurrent.FutureTask.run(FutureTask.java:266)
at java.util.concurrent.ThreadPoolExecutor.runWorker(ThreadPoolExecutor.java:1149)
at java.util.concurrent.ThreadPoolExecutor$Worker.run(ThreadPoolExecutor.java:624)
at java.lang.Thread.run(Thread.java:748)
... Removed 22 stack frames]]>
    </failure>
  </testcase> <!-- getPageInfo -->
  <testcase name="ebaySearch" time="5.776" classname="selenium.com.day8.Ebay_TestNG_Parameter_XMLlevel"/>
</testsuite> <!-- Test1 -->
