<?xml version="1.0" encoding="UTF-8"?>
<!-- Generated by org.testng.reporters.JUnitXMLReporter -->
<testsuite hostname="ADMIN-PC" ignored="0" name="Test" tests="3" failures="1" timestamp="26 Jun 2018 13:29:38 GMT" time="24.624" errors="0">
  <testcase name="navigateURL" time="11.375" classname="selenium.com.framework.Google_Child1"/>
  <testcase name="interactUI" time="5.417" classname="selenium.com.framework.Google_Child1">
    <failure type="java.lang.AssertionError" message="expected [true] but found [false]">
      <![CDATA[java.lang.AssertionError: expected [true] but found [false]
at selenium.com.framework.Google_Child1.interactUI(Google_Child1.java:42)
... Removed 29 stack frames]]>
    </failure>
  </testcase> <!-- interactUI -->
  <testcase name="seleniumHQ" time="0.94" classname="selenium.com.framework.SeleniumHQ_Child2"/>
</testsuite> <!-- Test -->
