<?xml version="1.0" encoding="UTF-8"?>
<!-- Generated by org.testng.reporters.JUnitReportReporter -->
<testsuite skipped="5" hostname="ADMIN-PC" name="selenium.com.day10.Ebay_TestNG_RetryFailed" tests="10" failures="1" timestamp="26 Jun 2018 08:45:11 GMT" time="44.038" errors="0">
  <testcase name="browserProperty" time="1.346" classname="selenium.com.day10.Ebay_TestNG_RetryFailed"/>
  <testcase name="navigatePage" time="24.342" classname="selenium.com.day10.Ebay_TestNG_RetryFailed"/>
  <testcase name="getPageInfo" time="0.058" classname="selenium.com.day10.Ebay_TestNG_RetryFailed">
    <failure type="java.lang.AssertionError" message="expected [eBay] but found [Electronics, Cars, Fashion, Collectibles, Coupons and More | eBay]">
      <![CDATA[java.lang.AssertionError: expected [eBay] but found [Electronics, Cars, Fashion, Collectibles, Coupons and More | eBay]
at org.testng.Assert.fail(Assert.java:96)
at org.testng.Assert.failNotEquals(Assert.java:776)
at org.testng.Assert.assertEqualsImpl(Assert.java:137)
at org.testng.Assert.assertEquals(Assert.java:118)
at org.testng.Assert.assertEquals(Assert.java:453)
at org.testng.Assert.assertEquals(Assert.java:463)
at selenium.com.day10.Ebay_TestNG_RetryFailed.getPageInfo(Ebay_TestNG_RetryFailed.java:92)
at sun.reflect.NativeMethodAccessorImpl.invoke0(Native Method)
at sun.reflect.NativeMethodAccessorImpl.invoke(NativeMethodAccessorImpl.java:62)
at sun.reflect.DelegatingMethodAccessorImpl.invoke(DelegatingMethodAccessorImpl.java:43)
at java.lang.reflect.Method.invoke(Method.java:498)
at org.testng.internal.MethodInvocationHelper.invokeMethod(MethodInvocationHelper.java:124)
at org.testng.internal.Invoker.invokeMethod(Invoker.java:580)
at org.testng.internal.Invoker.retryFailed(Invoker.java:838)
at org.testng.internal.Invoker.invokeTestMethods(Invoker.java:1009)
at org.testng.internal.TestMethodWorker.invokeTestMethods(TestMethodWorker.java:125)
at org.testng.internal.TestMethodWorker.run(TestMethodWorker.java:109)
at org.testng.TestRunner.privateRun(TestRunner.java:648)
at org.testng.TestRunner.run(TestRunner.java:505)
at org.testng.SuiteRunner.runTest(SuiteRunner.java:455)
at org.testng.SuiteRunner.runSequentially(SuiteRunner.java:450)
at org.testng.SuiteRunner.privateRun(SuiteRunner.java:415)
at org.testng.SuiteRunner.run(SuiteRunner.java:364)
at org.testng.SuiteRunnerWorker.runSuite(SuiteRunnerWorker.java:52)
at org.testng.SuiteRunnerWorker.run(SuiteRunnerWorker.java:84)
at org.testng.TestNG.runSuitesSequentially(TestNG.java:1208)
at org.testng.TestNG.runSuitesLocally(TestNG.java:1137)
at org.testng.TestNG.runSuites(TestNG.java:1049)
at org.testng.TestNG.run(TestNG.java:1017)
at org.testng.remote.AbstractRemoteTestNG.run(AbstractRemoteTestNG.java:114)
at org.testng.remote.RemoteTestNG.initAndRun(RemoteTestNG.java:251)
at org.testng.remote.RemoteTestNG.main(RemoteTestNG.java:77)
]]>
    </failure>
  </testcase> <!-- getPageInfo -->
  <testcase name="getPageInfo" time="0.683" classname="selenium.com.day10.Ebay_TestNG_RetryFailed">
    <skipped/>
  </testcase> <!-- getPageInfo -->
  <testcase name="getPageInfo" time="0.209" classname="selenium.com.day10.Ebay_TestNG_RetryFailed">
    <skipped/>
  </testcase> <!-- getPageInfo -->
  <testcase name="getPageInfo" time="0.127" classname="selenium.com.day10.Ebay_TestNG_RetryFailed">
    <skipped/>
  </testcase> <!-- getPageInfo -->
  <testcase name="getPageInfo" time="0.041" classname="selenium.com.day10.Ebay_TestNG_RetryFailed">
    <skipped/>
  </testcase> <!-- getPageInfo -->
  <testcase name="getPageInfo" time="0.376" classname="selenium.com.day10.Ebay_TestNG_RetryFailed">
    <skipped/>
  </testcase> <!-- getPageInfo -->
  <testcase name="searchProduct" time="5.288" classname="selenium.com.day10.Ebay_TestNG_RetryFailed"/>
  <testcase name="getList" time="11.568" classname="selenium.com.day10.Ebay_TestNG_RetryFailed"/>
</testsuite> <!-- selenium.com.day10.Ebay_TestNG_RetryFailed -->
